[master 3d28743] 2020/06/03 08:50:43
 2 files changed, 1 insertion(+)
 create mode 100644 nohup.out
To https://github.com/zjbshk/git_study.git
   12884d9..3d28743  master -> master
[master 5949579] 2020/06/03 09:50:54
 2 files changed, 6 insertions(+)
To https://github.com/zjbshk/git_study.git
   3d28743..5949579  master -> master
[master 8511704] 2020/06/03 10:51:05
 2 files changed, 5 insertions(+)
To https://github.com/zjbshk/git_study.git
   5949579..8511704  master -> master
[master ce7a21f] 2020/06/03 11:51:17
 2 files changed, 5 insertions(+)
To https://github.com/zjbshk/git_study.git
   8511704..ce7a21f  master -> master
[master a5211f2] 2020/06/03 12:51:28
 2 files changed, 5 insertions(+)
To https://github.com/zjbshk/git_study.git
   ce7a21f..a5211f2  master -> master
[master 590417a] 2020/06/03 13:51:40
 2 files changed, 5 insertions(+)
To https://github.com/zjbshk/git_study.git
   a5211f2..590417a  master -> master
[master f7cbb3a] 2020/06/03 14:51:59
 2 files changed, 5 insertions(+)
To https://github.com/zjbshk/git_study.git
   590417a..f7cbb3a  master -> master
[master daa9820] 2020/06/03 15:52:14
 2 files changed, 5 insertions(+)
To https://github.com/zjbshk/git_study.git
   f7cbb3a..daa9820  master -> master
[master 6fb3ce3] 2020/06/03 16:52:24
 2 files changed, 5 insertions(+)
To https://github.com/zjbshk/git_study.git
   daa9820..6fb3ce3  master -> master
[master 0b68cee] 2020/06/03 17:52:37
 2 files changed, 5 insertions(+)
To https://github.com/zjbshk/git_study.git
   6fb3ce3..0b68cee  master -> master
[master 4fcebf6] 2020/06/03 18:52:49
 2 files changed, 5 insertions(+)
To https://github.com/zjbshk/git_study.git
   0b68cee..4fcebf6  master -> master
[master 0844f2c] 2020/06/03 19:53:00
 2 files changed, 5 insertions(+)
To https://github.com/zjbshk/git_study.git
   4fcebf6..0844f2c  master -> master
[master 8d7dc27] 2020/06/03 20:53:12
 2 files changed, 5 insertions(+)
To https://github.com/zjbshk/git_study.git
   0844f2c..8d7dc27  master -> master
[master fed72f2] 2020/06/03 21:53:22
 2 files changed, 5 insertions(+)
To https://github.com/zjbshk/git_study.git
   8d7dc27..fed72f2  master -> master
[master 398e49d] 2020/06/03 22:53:33
 2 files changed, 5 insertions(+)
To https://github.com/zjbshk/git_study.git
   fed72f2..398e49d  master -> master
[master b2fddda] 2020/06/03 23:53:49
 2 files changed, 5 insertions(+)
To https://github.com/zjbshk/git_study.git
   398e49d..b2fddda  master -> master
[master 1a6168f] 2020/06/04 00:54:02
 2 files changed, 5 insertions(+)
To https://github.com/zjbshk/git_study.git
   b2fddda..1a6168f  master -> master
[master 4d437b5] 2020/06/04 01:54:15
 2 files changed, 5 insertions(+)
To https://github.com/zjbshk/git_study.git
   1a6168f..4d437b5  master -> master
[master 7677dd4] 2020/06/04 02:54:28
 2 files changed, 5 insertions(+)
To https://github.com/zjbshk/git_study.git
   4d437b5..7677dd4  master -> master
[master c26d9cb] 2020/06/04 03:54:41
 2 files changed, 5 insertions(+)
To https://github.com/zjbshk/git_study.git
   7677dd4..c26d9cb  master -> master
[master 2ab09ef] 2020/06/04 04:54:52
 2 files changed, 5 insertions(+)
To https://github.com/zjbshk/git_study.git
   c26d9cb..2ab09ef  master -> master
[master e595330] 2020/06/04 05:55:04
 2 files changed, 5 insertions(+)
To https://github.com/zjbshk/git_study.git
   2ab09ef..e595330  master -> master
[master 560ead2] 2020/06/04 06:55:15
 2 files changed, 5 insertions(+)
To https://github.com/zjbshk/git_study.git
   e595330..560ead2  master -> master
[master 08a3377] 2020/06/04 07:55:25
 2 files changed, 5 insertions(+)
To https://github.com/zjbshk/git_study.git
   560ead2..08a3377  master -> master
[master 93c3e30] 2020/06/04 08:55:37
 2 files changed, 5 insertions(+)
To https://github.com/zjbshk/git_study.git
   08a3377..93c3e30  master -> master
[master e3b52f9] 2020/06/04 09:55:48
 2 files changed, 5 insertions(+)
To https://github.com/zjbshk/git_study.git
   93c3e30..e3b52f9  master -> master
[master e227da1] 2020/06/04 10:55:59
 2 files changed, 5 insertions(+)
To https://github.com/zjbshk/git_study.git
   e3b52f9..e227da1  master -> master
[master 2ee24e7] 2020/06/04 11:56:11
 2 files changed, 5 insertions(+)
To https://github.com/zjbshk/git_study.git
   e227da1..2ee24e7  master -> master
[master 679a2da] 2020/06/04 12:56:22
 2 files changed, 5 insertions(+)
To https://github.com/zjbshk/git_study.git
   2ee24e7..679a2da  master -> master
[master ec7e0b9] 2020/06/04 13:56:47
 2 files changed, 5 insertions(+)
To https://github.com/zjbshk/git_study.git
   679a2da..ec7e0b9  master -> master
[master d780edd] 2020/06/04 14:57:04
 2 files changed, 5 insertions(+)
To https://github.com/zjbshk/git_study.git
   ec7e0b9..d780edd  master -> master
[master e4a13e7] 2020/06/04 15:57:18
 2 files changed, 5 insertions(+)
To https://github.com/zjbshk/git_study.git
   d780edd..e4a13e7  master -> master
[master 22d86c4] 2020/06/04 16:57:29
 2 files changed, 5 insertions(+)
To https://github.com/zjbshk/git_study.git
   e4a13e7..22d86c4  master -> master
[master e5aee9c] 2020/06/04 17:57:41
 2 files changed, 5 insertions(+)
To https://github.com/zjbshk/git_study.git
   22d86c4..e5aee9c  master -> master
[master a28c765] 2020/06/04 18:57:52
 2 files changed, 5 insertions(+)
To https://github.com/zjbshk/git_study.git
   e5aee9c..a28c765  master -> master
